# JRE version: OpenJDK Runtime Environment (17.0.11) (build 17.0.11+0--11852314)
# Java VM: OpenJDK 64-Bit Server VM (17.0.11+0--11852314, mixed mode, tiered, compressed oops, compressed class ptrs, g1 gc, windows-amd64)
GC Precious Log:
 CPUs: 8 total, 8 available
 Memory: 16233M
 Large Page Support: Disabled
 NUMA Support: Disabled
 Compressed Oops: Enabled (Zero based)
 Heap Region Size: 2M
 Heap Min Capacity: 8M
 Heap Initial Capacity: 254M
 Heap Max Capacity: 4G
 Pre-touch: Disabled
 Parallel Workers: 8
 Concurrent Workers: 2
 Concurrent Refinement Workers: 8
 Periodic GC: Disabled
Heap:
 garbage-first heap   total 460800K, used 245010K [0x0000000700000000, 0x0000000800000000)
  region size 2048K, 8 young (16384K), 8 survivors (16384K)
 Metaspace       used 148409K, committed 149632K, reserved 1179648K
  class space    used 19959K, committed 20544K, reserved 1048576K
GC Heap History (20 events):
Event: 81.845 GC heap after
{Heap after GC invocations=53 (full 0):
 garbage-first heap   total 460800K, used 169598K [0x0000000700000000, 0x0000000800000000)
  region size 2048K, 5 young (10240K), 5 survivors (10240K)
 Metaspace       used 134105K, committed 135232K, reserved 1179648K
  class space    used 17868K, committed 18432K, reserved 1048576K
}
Event: 105.571 GC heap before
{Heap before GC invocations=54 (full 0):
 garbage-first heap   total 460800K, used 384223K [0x0000000700000000, 0x0000000800000000)
  region size 2048K, 109 young (223232K), 5 survivors (10240K)
 Metaspace       used 134118K, committed 135232K, reserved 1179648K
  class space    used 17868K, committed 18432K, reserved 1048576K
}
Event: 105.580 GC heap after
{Heap after GC invocations=55 (full 0):
 garbage-first heap   total 460800K, used 172467K [0x0000000700000000, 0x0000000800000000)
  region size 2048K, 7 young (14336K), 7 survivors (14336K)
 Metaspace       used 134118K, committed 135232K, reserved 1179648K
  class space    used 17868K, committed 18432K, reserved 1048576K
}
Event: 105.603 GC heap before
{Heap before GC invocations=55 (full 0):
 garbage-first heap   total 460800K, used 180659K [0x0000000700000000, 0x0000000800000000)
  region size 2048K, 11 young (22528K), 7 survivors (14336K)
 Metaspace       used 134118K, committed 135232K, reserved 1179648K
  class space    used 17868K, committed 18432K, reserved 1048576K
}
Event: 105.610 GC heap after
{Heap after GC invocations=56 (full 0):
 garbage-first heap   total 460800K, used 171445K [0x0000000700000000, 0x0000000800000000)
  region size 2048K, 1 young (2048K), 1 survivors (2048K)
 Metaspace       used 134118K, committed 135232K, reserved 1179648K
  class space    used 17868K, committed 18432K, reserved 1048576K
}
Event: 106.179 GC heap before
{Heap before GC invocations=56 (full 0):
 garbage-first heap   total 460800K, used 382389K [0x0000000700000000, 0x0000000800000000)
  region size 2048K, 104 young (212992K), 1 survivors (2048K)
 Metaspace       used 134141K, committed 135296K, reserved 1179648K
  class space    used 17868K, committed 18432K, reserved 1048576K
}
Event: 106.181 GC heap after
{Heap after GC invocations=57 (full 0):
 garbage-first heap   total 460800K, used 175146K [0x0000000700000000, 0x0000000800000000)
  region size 2048K, 3 young (6144K), 3 survivors (6144K)
 Metaspace       used 134141K, committed 135296K, reserved 1179648K
  class space    used 17868K, committed 18432K, reserved 1048576K
}
Event: 107.353 GC heap before
{Heap before GC invocations=57 (full 0):
 garbage-first heap   total 460800K, used 384042K [0x0000000700000000, 0x0000000800000000)
  region size 2048K, 106 young (217088K), 3 survivors (6144K)
 Metaspace       used 134233K, committed 135360K, reserved 1179648K
  class space    used 17878K, committed 18432K, reserved 1048576K
}
Event: 107.357 GC heap after
{Heap after GC invocations=58 (full 0):
 garbage-first heap   total 460800K, used 177877K [0x0000000700000000, 0x0000000800000000)
  region size 2048K, 4 young (8192K), 4 survivors (8192K)
 Metaspace       used 134233K, committed 135360K, reserved 1179648K
  class space    used 17878K, committed 18432K, reserved 1048576K
}
Event: 108.405 GC heap before
{Heap before GC invocations=59 (full 0):
 garbage-first heap   total 460800K, used 386773K [0x0000000700000000, 0x0000000800000000)
  region size 2048K, 107 young (219136K), 4 survivors (8192K)
 Metaspace       used 137216K, committed 138368K, reserved 1179648K
  class space    used 18278K, committed 18816K, reserved 1048576K
}
Event: 108.417 GC heap after
{Heap after GC invocations=60 (full 0):
 garbage-first heap   total 460800K, used 192764K [0x0000000700000000, 0x0000000800000000)
  region size 2048K, 12 young (24576K), 12 survivors (24576K)
 Metaspace       used 137216K, committed 138368K, reserved 1179648K
  class space    used 18278K, committed 18816K, reserved 1048576K
}
Event: 108.420 GC heap before
{Heap before GC invocations=60 (full 0):
 garbage-first heap   total 460800K, used 194812K [0x0000000700000000, 0x0000000800000000)
  region size 2048K, 13 young (26624K), 12 survivors (24576K)
 Metaspace       used 137247K, committed 138368K, reserved 1179648K
  class space    used 18282K, committed 18816K, reserved 1048576K
}
Event: 108.429 GC heap after
{Heap after GC invocations=61 (full 0):
 garbage-first heap   total 460800K, used 187901K [0x0000000700000000, 0x0000000800000000)
  region size 2048K, 2 young (4096K), 2 survivors (4096K)
 Metaspace       used 137247K, committed 138368K, reserved 1179648K
  class space    used 18282K, committed 18816K, reserved 1048576K
}
Event: 109.096 GC heap before
{Heap before GC invocations=61 (full 0):
 garbage-first heap   total 460800K, used 380413K [0x0000000700000000, 0x0000000800000000)
  region size 2048K, 97 young (198656K), 2 survivors (4096K)
 Metaspace       used 142748K, committed 143872K, reserved 1179648K
  class space    used 19112K, committed 19648K, reserved 1048576K
}
Event: 109.116 GC heap after
{Heap after GC invocations=62 (full 0):
 garbage-first heap   total 460800K, used 215491K [0x0000000700000000, 0x0000000800000000)
  region size 2048K, 13 young (26624K), 13 survivors (26624K)
 Metaspace       used 142748K, committed 143872K, reserved 1179648K
  class space    used 19112K, committed 19648K, reserved 1048576K
}
Event: 110.015 GC heap before
{Heap before GC invocations=63 (full 0):
 garbage-first heap   total 460800K, used 371139K [0x0000000700000000, 0x0000000800000000)
  region size 2048K, 89 young (182272K), 13 survivors (26624K)
 Metaspace       used 146713K, committed 147904K, reserved 1179648K
  class space    used 19707K, committed 20288K, reserved 1048576K
}
Event: 110.053 GC heap after
{Heap after GC invocations=64 (full 0):
 garbage-first heap   total 460800K, used 234355K [0x0000000700000000, 0x0000000800000000)
  region size 2048K, 12 young (24576K), 12 survivors (24576K)
 Metaspace       used 146713K, committed 147904K, reserved 1179648K
  class space    used 19707K, committed 20288K, reserved 1048576K
}
Event: 110.065 GC heap before
{Heap before GC invocations=64 (full 0):
 garbage-first heap   total 460800K, used 236403K [0x0000000700000000, 0x0000000800000000)
  region size 2048K, 13 young (26624K), 12 survivors (24576K)
 Metaspace       used 146751K, committed 147968K, reserved 1179648K
  class space    used 19714K, committed 20288K, reserved 1048576K
}
Event: 110.089 GC heap after
{Heap after GC invocations=65 (full 0):
 garbage-first heap   total 460800K, used 233778K [0x0000000700000000, 0x0000000800000000)
  region size 2048K, 2 young (4096K), 2 survivors (4096K)
 Metaspace       used 146751K, committed 147968K, reserved 1179648K
  class space    used 19714K, committed 20288K, reserved 1048576K
}
Event: 110.648 GC heap before
{Heap before GC invocations=65 (full 0):
 garbage-first heap   total 460800K, used 366898K [0x0000000700000000, 0x0000000800000000)
  region size 2048K, 68 young (139264K), 2 survivors (4096K)
 Metaspace       used 148409K, committed 149632K, reserved 1179648K
  class space    used 19959K, committed 20544K, reserved 1048576K
}

