# JRE version: OpenJDK Runtime Environment (17.0.11) (build 17.0.11+0--11852314)
# Java VM: OpenJDK 64-Bit Server VM (17.0.11+0--11852314, mixed mode, tiered, compressed oops, compressed class ptrs, g1 gc, windows-amd64)
GC Precious Log:
 CPUs: 8 total, 8 available
 Memory: 16233M
 Large Page Support: Disabled
 NUMA Support: Disabled
 Compressed Oops: Enabled (Zero based)
 Heap Region Size: 2M
 Heap Min Capacity: 8M
 Heap Initial Capacity: 254M
 Heap Max Capacity: 4G
 Pre-touch: Disabled
 Parallel Workers: 8
 Concurrent Workers: 2
 Concurrent Refinement Workers: 8
 Periodic GC: Disabled
Heap:
 garbage-first heap   total 620544K, used 250149K [0x0000000700000000, 0x0000000800000000)
  region size 2048K, 1 young (2048K), 1 survivors (2048K)
 Metaspace       used 150768K, committed 151936K, reserved 1245184K
  class space    used 19949K, committed 20480K, reserved 1048576K
GC Heap History (20 events):
Event: 61.057 GC heap after
{Heap after GC invocations=51 (full 0):
 garbage-first heap   total 434176K, used 256304K [0x0000000700000000, 0x0000000800000000)
  region size 2048K, 2 young (4096K), 2 survivors (4096K)
 Metaspace       used 118996K, committed 120064K, reserved 1179648K
  class space    used 15925K, committed 16384K, reserved 1048576K
}
Event: 63.091 GC heap before
{Heap before GC invocations=51 (full 0):
 garbage-first heap   total 434176K, used 305456K [0x0000000700000000, 0x0000000800000000)
  region size 2048K, 28 young (57344K), 2 survivors (4096K)
 Metaspace       used 120311K, committed 121344K, reserved 1179648K
  class space    used 16064K, committed 16512K, reserved 1048576K
}
Event: 63.124 GC heap after
{Heap after GC invocations=52 (full 0):
 garbage-first heap   total 643072K, used 240444K [0x0000000700000000, 0x0000000800000000)
  region size 2048K, 4 young (8192K), 4 survivors (8192K)
 Metaspace       used 120311K, committed 121344K, reserved 1179648K
  class space    used 16064K, committed 16512K, reserved 1048576K
}
Event: 77.673 GC heap before
{Heap before GC invocations=53 (full 0):
 garbage-first heap   total 643072K, used 496444K [0x0000000700000000, 0x0000000800000000)
  region size 2048K, 126 young (258048K), 4 survivors (8192K)
 Metaspace       used 132638K, committed 133760K, reserved 1179648K
  class space    used 17468K, committed 17984K, reserved 1048576K
}
Event: 77.702 GC heap after
{Heap after GC invocations=54 (full 0):
 garbage-first heap   total 643072K, used 161066K [0x0000000700000000, 0x0000000800000000)
  region size 2048K, 14 young (28672K), 14 survivors (28672K)
 Metaspace       used 132638K, committed 133760K, reserved 1179648K
  class space    used 17468K, committed 17984K, reserved 1048576K
}
Event: 77.820 GC heap before
{Heap before GC invocations=54 (full 0):
 garbage-first heap   total 643072K, used 163114K [0x0000000700000000, 0x0000000800000000)
  region size 2048K, 15 young (30720K), 14 survivors (28672K)
 Metaspace       used 132654K, committed 133760K, reserved 1179648K
  class space    used 17468K, committed 17984K, reserved 1048576K
}
Event: 77.835 GC heap after
{Heap after GC invocations=55 (full 0):
 garbage-first heap   total 643072K, used 144296K [0x0000000700000000, 0x0000000800000000)
  region size 2048K, 2 young (4096K), 2 survivors (4096K)
 Metaspace       used 132654K, committed 133760K, reserved 1179648K
  class space    used 17468K, committed 17984K, reserved 1048576K
}
Event: 78.288 GC heap before
{Heap before GC invocations=55 (full 0):
 garbage-first heap   total 643072K, used 191400K [0x0000000700000000, 0x0000000800000000)
  region size 2048K, 26 young (53248K), 2 survivors (4096K)
 Metaspace       used 132983K, committed 134080K, reserved 1179648K
  class space    used 17495K, committed 17984K, reserved 1048576K
}
Event: 78.293 GC heap after
{Heap after GC invocations=56 (full 0):
 garbage-first heap   total 643072K, used 145066K [0x0000000700000000, 0x0000000800000000)
  region size 2048K, 3 young (6144K), 3 survivors (6144K)
 Metaspace       used 132983K, committed 134080K, reserved 1179648K
  class space    used 17495K, committed 17984K, reserved 1048576K
}
Event: 80.692 GC heap before
{Heap before GC invocations=57 (full 0):
 garbage-first heap   total 552960K, used 480938K [0x0000000700000000, 0x0000000800000000)
  region size 2048K, 153 young (313344K), 3 survivors (6144K)
 Metaspace       used 146460K, committed 147584K, reserved 1179648K
  class space    used 19497K, committed 20032K, reserved 1048576K
}
Event: 80.768 GC heap after
{Heap after GC invocations=58 (full 0):
 garbage-first heap   total 573440K, used 246416K [0x0000000700000000, 0x0000000800000000)
  region size 2048K, 20 young (40960K), 20 survivors (40960K)
 Metaspace       used 146460K, committed 147584K, reserved 1179648K
  class space    used 19497K, committed 20032K, reserved 1048576K
}
Event: 80.786 GC heap before
{Heap before GC invocations=58 (full 0):
 garbage-first heap   total 573440K, used 248464K [0x0000000700000000, 0x0000000800000000)
  region size 2048K, 21 young (43008K), 20 survivors (40960K)
 Metaspace       used 146503K, committed 147648K, reserved 1179648K
  class space    used 19510K, committed 20032K, reserved 1048576K
}
Event: 80.838 GC heap after
{Heap after GC invocations=59 (full 0):
 garbage-first heap   total 573440K, used 249494K [0x0000000700000000, 0x0000000800000000)
  region size 2048K, 2 young (4096K), 2 survivors (4096K)
 Metaspace       used 146503K, committed 147648K, reserved 1179648K
  class space    used 19510K, committed 20032K, reserved 1048576K
}
Event: 81.034 GC heap before
{Heap before GC invocations=59 (full 0):
 garbage-first heap   total 573440K, used 274070K [0x0000000700000000, 0x0000000800000000)
  region size 2048K, 15 young (30720K), 2 survivors (4096K)
 Metaspace       used 148049K, committed 149120K, reserved 1179648K
  class space    used 19730K, committed 20224K, reserved 1048576K
}
Event: 81.049 GC heap after
{Heap after GC invocations=60 (full 0):
 garbage-first heap   total 573440K, used 251187K [0x0000000700000000, 0x0000000800000000)
  region size 2048K, 3 young (6144K), 3 survivors (6144K)
 Metaspace       used 148049K, committed 149120K, reserved 1179648K
  class space    used 19730K, committed 20224K, reserved 1048576K
}
Event: 83.119 GC heap before
{Heap before GC invocations=61 (full 0):
 garbage-first heap   total 573440K, used 427315K [0x0000000700000000, 0x0000000800000000)
  region size 2048K, 91 young (186368K), 3 survivors (6144K)
 Metaspace       used 150759K, committed 151872K, reserved 1245184K
  class space    used 19949K, committed 20480K, reserved 1048576K
}
Event: 83.136 GC heap after
{Heap after GC invocations=62 (full 0):
 garbage-first heap   total 573440K, used 251670K [0x0000000700000000, 0x0000000800000000)
  region size 2048K, 8 young (16384K), 8 survivors (16384K)
 Metaspace       used 150759K, committed 151872K, reserved 1245184K
  class space    used 19949K, committed 20480K, reserved 1048576K
}
Event: 83.244 GC heap before
{Heap before GC invocations=62 (full 0):
 garbage-first heap   total 573440K, used 266006K [0x0000000700000000, 0x0000000800000000)
  region size 2048K, 14 young (28672K), 8 survivors (16384K)
 Metaspace       used 150768K, committed 151936K, reserved 1245184K
  class space    used 19949K, committed 20480K, reserved 1048576K
}
Event: 83.267 GC heap after
{Heap after GC invocations=63 (full 0):
 garbage-first heap   total 573440K, used 250950K [0x0000000700000000, 0x0000000800000000)
  region size 2048K, 1 young (2048K), 1 survivors (2048K)
 Metaspace       used 150768K, committed 151936K, reserved 1245184K
  class space    used 19949K, committed 20480K, reserved 1048576K
}
Event: 83.270 GC heap before
{Heap before GC invocations=63 (full 0):
 garbage-first heap   total 573440K, used 250950K [0x0000000700000000, 0x0000000800000000)
  region size 2048K, 2 young (4096K), 1 survivors (2048K)
 Metaspace       used 150768K, committed 151936K, reserved 1245184K
  class space    used 19949K, committed 20480K, reserved 1048576K
}

