# JRE version: OpenJDK Runtime Environment (17.0.11) (build 17.0.11+0--11852314)
# Java VM: OpenJDK 64-Bit Server VM (17.0.11+0--11852314, mixed mode, tiered, compressed oops, compressed class ptrs, g1 gc, windows-amd64)
GC Precious Log:
 CPUs: 8 total, 8 available
 Memory: 16233M
 Large Page Support: Disabled
 NUMA Support: Disabled
 Compressed Oops: Enabled (Zero based)
 Heap Region Size: 2M
 Heap Min Capacity: 8M
 Heap Initial Capacity: 254M
 Heap Max Capacity: 4G
 Pre-touch: Disabled
 Parallel Workers: 8
 Concurrent Workers: 2
 Concurrent Refinement Workers: 8
 Periodic GC: Disabled
Heap:
 garbage-first heap   total 260096K, used 133211K [0x0000000700000000, 0x0000000800000000)
  region size 2048K, 2 young (4096K), 2 survivors (4096K)
 Metaspace       used 103208K, committed 104192K, reserved 1179648K
  class space    used 14219K, committed 14656K, reserved 1048576K
GC Heap History (20 events):
Event: 10.244 GC heap after
{Heap after GC invocations=28 (full 0):
 garbage-first heap   total 131072K, used 74075K [0x0000000700000000, 0x0000000800000000)
  region size 2048K, 2 young (4096K), 2 survivors (4096K)
 Metaspace       used 83834K, committed 84416K, reserved 1179648K
  class space    used 11284K, committed 11520K, reserved 1048576K
}
Event: 10.587 GC heap before
{Heap before GC invocations=29 (full 0):
 garbage-first heap   total 133120K, used 102747K [0x0000000700000000, 0x0000000800000000)
  region size 2048K, 16 young (32768K), 2 survivors (4096K)
 Metaspace       used 86399K, committed 87040K, reserved 1179648K
  class space    used 11636K, committed 11904K, reserved 1048576K
}
Event: 10.590 GC heap after
{Heap after GC invocations=30 (full 0):
 garbage-first heap   total 133120K, used 75362K [0x0000000700000000, 0x0000000800000000)
  region size 2048K, 1 young (2048K), 1 survivors (2048K)
 Metaspace       used 86399K, committed 87040K, reserved 1179648K
  class space    used 11636K, committed 11904K, reserved 1048576K
}
Event: 10.615 GC heap before
{Heap before GC invocations=30 (full 0):
 garbage-first heap   total 133120K, used 79458K [0x0000000700000000, 0x0000000800000000)
  region size 2048K, 3 young (6144K), 1 survivors (2048K)
 Metaspace       used 86466K, committed 87104K, reserved 1179648K
  class space    used 11647K, committed 11904K, reserved 1048576K
}
Event: 10.617 GC heap after
{Heap after GC invocations=31 (full 0):
 garbage-first heap   total 133120K, used 74684K [0x0000000700000000, 0x0000000800000000)
  region size 2048K, 1 young (2048K), 1 survivors (2048K)
 Metaspace       used 86466K, committed 87104K, reserved 1179648K
  class space    used 11647K, committed 11904K, reserved 1048576K
}
Event: 10.787 GC heap before
{Heap before GC invocations=31 (full 0):
 garbage-first heap   total 133120K, used 105404K [0x0000000700000000, 0x0000000800000000)
  region size 2048K, 16 young (32768K), 1 survivors (2048K)
 Metaspace       used 86896K, committed 87616K, reserved 1179648K
  class space    used 11725K, committed 12032K, reserved 1048576K
}
Event: 10.790 GC heap after
{Heap after GC invocations=32 (full 0):
 garbage-first heap   total 133120K, used 76482K [0x0000000700000000, 0x0000000800000000)
  region size 2048K, 2 young (4096K), 2 survivors (4096K)
 Metaspace       used 86896K, committed 87616K, reserved 1179648K
  class space    used 11725K, committed 12032K, reserved 1048576K
}
Event: 11.000 GC heap before
{Heap before GC invocations=33 (full 0):
 garbage-first heap   total 147456K, used 107202K [0x0000000700000000, 0x0000000800000000)
  region size 2048K, 17 young (34816K), 2 survivors (4096K)
 Metaspace       used 86997K, committed 87680K, reserved 1179648K
  class space    used 11737K, committed 12032K, reserved 1048576K
}
Event: 11.003 GC heap after
{Heap after GC invocations=34 (full 0):
 garbage-first heap   total 147456K, used 78069K [0x0000000700000000, 0x0000000800000000)
  region size 2048K, 3 young (6144K), 3 survivors (6144K)
 Metaspace       used 86997K, committed 87680K, reserved 1179648K
  class space    used 11737K, committed 12032K, reserved 1048576K
}
Event: 11.011 GC heap before
{Heap before GC invocations=34 (full 0):
 garbage-first heap   total 147456K, used 80117K [0x0000000700000000, 0x0000000800000000)
  region size 2048K, 4 young (8192K), 3 survivors (6144K)
 Metaspace       used 86997K, committed 87680K, reserved 1179648K
  class space    used 11737K, committed 12032K, reserved 1048576K
}
Event: 11.014 GC heap after
{Heap after GC invocations=35 (full 0):
 garbage-first heap   total 204800K, used 77014K [0x0000000700000000, 0x0000000800000000)
  region size 2048K, 1 young (2048K), 1 survivors (2048K)
 Metaspace       used 86997K, committed 87680K, reserved 1179648K
  class space    used 11737K, committed 12032K, reserved 1048576K
}
Event: 11.987 GC heap before
{Heap before GC invocations=35 (full 0):
 garbage-first heap   total 204800K, used 163030K [0x0000000700000000, 0x0000000800000000)
  region size 2048K, 43 young (88064K), 1 survivors (2048K)
 Metaspace       used 93787K, committed 94464K, reserved 1179648K
  class space    used 12865K, committed 13184K, reserved 1048576K
}
Event: 11.993 GC heap after
{Heap after GC invocations=36 (full 0):
 garbage-first heap   total 204800K, used 83181K [0x0000000700000000, 0x0000000800000000)
  region size 2048K, 4 young (8192K), 4 survivors (8192K)
 Metaspace       used 93787K, committed 94464K, reserved 1179648K
  class space    used 12865K, committed 13184K, reserved 1048576K
}
Event: 12.712 GC heap before
{Heap before GC invocations=36 (full 0):
 garbage-first heap   total 204800K, used 156909K [0x0000000700000000, 0x0000000800000000)
  region size 2048K, 41 young (83968K), 4 survivors (8192K)
 Metaspace       used 95991K, committed 96832K, reserved 1179648K
  class space    used 13178K, committed 13568K, reserved 1048576K
}
Event: 12.722 GC heap after
{Heap after GC invocations=37 (full 0):
 garbage-first heap   total 204800K, used 93643K [0x0000000700000000, 0x0000000800000000)
  region size 2048K, 6 young (12288K), 6 survivors (12288K)
 Metaspace       used 95991K, committed 96832K, reserved 1179648K
  class space    used 13178K, committed 13568K, reserved 1048576K
}
Event: 13.562 GC heap before
{Heap before GC invocations=37 (full 0):
 garbage-first heap   total 204800K, used 157131K [0x0000000700000000, 0x0000000800000000)
  region size 2048K, 38 young (77824K), 6 survivors (12288K)
 Metaspace       used 97697K, committed 98624K, reserved 1179648K
  class space    used 13432K, committed 13824K, reserved 1048576K
}
Event: 13.572 GC heap after
{Heap after GC invocations=38 (full 0):
 garbage-first heap   total 204800K, used 105516K [0x0000000700000000, 0x0000000800000000)
  region size 2048K, 5 young (10240K), 5 survivors (10240K)
 Metaspace       used 97697K, committed 98624K, reserved 1179648K
  class space    used 13432K, committed 13824K, reserved 1048576K
}
Event: 14.262 GC heap before
{Heap before GC invocations=38 (full 0):
 garbage-first heap   total 204800K, used 164908K [0x0000000700000000, 0x0000000800000000)
  region size 2048K, 33 young (67584K), 5 survivors (10240K)
 Metaspace       used 98414K, committed 99392K, reserved 1179648K
  class space    used 13519K, committed 13952K, reserved 1048576K
}
Event: 14.273 GC heap after
{Heap after GC invocations=39 (full 0):
 garbage-first heap   total 204800K, used 127961K [0x0000000700000000, 0x0000000800000000)
  region size 2048K, 5 young (10240K), 5 survivors (10240K)
 Metaspace       used 98414K, committed 99392K, reserved 1179648K
  class space    used 13519K, committed 13952K, reserved 1048576K
}
Event: 14.755 GC heap before
{Heap before GC invocations=39 (full 0):
 garbage-first heap   total 204800K, used 164825K [0x0000000700000000, 0x0000000800000000)
  region size 2048K, 23 young (47104K), 5 survivors (10240K)
 Metaspace       used 103208K, committed 104192K, reserved 1179648K
  class space    used 14219K, committed 14656K, reserved 1048576K
}

