# JRE version: OpenJDK Runtime Environment (17.0.11) (build 17.0.11+0--11852314)
# Java VM: OpenJDK 64-Bit Server VM (17.0.11+0--11852314, mixed mode, tiered, compressed oops, compressed class ptrs, g1 gc, windows-amd64)
GC Precious Log:
 CPUs: 8 total, 8 available
 Memory: 16233M
 Large Page Support: Disabled
 NUMA Support: Disabled
 Compressed Oops: Enabled (Zero based)
 Heap Region Size: 2M
 Heap Min Capacity: 8M
 Heap Initial Capacity: 254M
 Heap Max Capacity: 4G
 Pre-touch: Disabled
 Parallel Workers: 8
 Concurrent Workers: 2
 Concurrent Refinement Workers: 8
 Periodic GC: Disabled
Heap:
 garbage-first heap   total 505856K, used 400303K [0x0000000700000000, 0x0000000800000000)
  region size 2048K, 67 young (137216K), 1 survivors (2048K)
 Metaspace       used 134606K, committed 135808K, reserved 1179648K
  class space    used 17733K, committed 18240K, reserved 1048576K
GC Heap History (20 events):
Event: 31.731 GC heap before
{Heap before GC invocations=44 (full 0):
 garbage-first heap   total 245760K, used 170038K [0x0000000700000000, 0x0000000800000000)
  region size 2048K, 25 young (51200K), 3 survivors (6144K)
 Metaspace       used 104166K, committed 105152K, reserved 1179648K
  class space    used 14359K, committed 14784K, reserved 1048576K
}
Event: 31.735 GC heap after
{Heap after GC invocations=45 (full 0):
 garbage-first heap   total 245760K, used 129381K [0x0000000700000000, 0x0000000800000000)
  region size 2048K, 3 young (6144K), 3 survivors (6144K)
 Metaspace       used 104166K, committed 105152K, reserved 1179648K
  class space    used 14359K, committed 14784K, reserved 1048576K
}
Event: 31.910 GC heap before
{Heap before GC invocations=45 (full 0):
 garbage-first heap   total 245760K, used 133477K [0x0000000700000000, 0x0000000800000000)
  region size 2048K, 6 young (12288K), 3 survivors (6144K)
 Metaspace       used 104551K, committed 105600K, reserved 1179648K
  class space    used 14402K, committed 14848K, reserved 1048576K
}
Event: 31.914 GC heap after
{Heap after GC invocations=46 (full 0):
 garbage-first heap   total 245760K, used 128756K [0x0000000700000000, 0x0000000800000000)
  region size 2048K, 1 young (2048K), 1 survivors (2048K)
 Metaspace       used 104551K, committed 105600K, reserved 1179648K
  class space    used 14402K, committed 14848K, reserved 1048576K
}
Event: 33.071 GC heap before
{Heap before GC invocations=46 (full 0):
 garbage-first heap   total 245760K, used 190196K [0x0000000700000000, 0x0000000800000000)
  region size 2048K, 32 young (65536K), 1 survivors (2048K)
 Metaspace       used 106359K, committed 107392K, reserved 1179648K
  class space    used 14550K, committed 14976K, reserved 1048576K
}
Event: 33.077 GC heap after
{Heap after GC invocations=47 (full 0):
 garbage-first heap   total 407552K, used 134037K [0x0000000700000000, 0x0000000800000000)
  region size 2048K, 4 young (8192K), 4 survivors (8192K)
 Metaspace       used 106359K, committed 107392K, reserved 1179648K
  class space    used 14550K, committed 14976K, reserved 1048576K
}
Event: 35.073 GC heap before
{Heap before GC invocations=48 (full 0):
 garbage-first heap   total 407552K, used 304021K [0x0000000700000000, 0x0000000800000000)
  region size 2048K, 88 young (180224K), 4 survivors (8192K)
 Metaspace       used 118744K, committed 119808K, reserved 1179648K
  class space    used 15904K, committed 16384K, reserved 1048576K
}
Event: 35.081 GC heap after
{Heap after GC invocations=49 (full 0):
 garbage-first heap   total 407552K, used 138059K [0x0000000700000000, 0x0000000800000000)
  region size 2048K, 6 young (12288K), 6 survivors (12288K)
 Metaspace       used 118744K, committed 119808K, reserved 1179648K
  class space    used 15904K, committed 16384K, reserved 1048576K
}
Event: 35.140 GC heap before
{Heap before GC invocations=49 (full 0):
 garbage-first heap   total 407552K, used 142155K [0x0000000700000000, 0x0000000800000000)
  region size 2048K, 9 young (18432K), 6 survivors (12288K)
 Metaspace       used 120244K, committed 121344K, reserved 1179648K
  class space    used 16089K, committed 16576K, reserved 1048576K
}
Event: 35.148 GC heap after
{Heap after GC invocations=50 (full 0):
 garbage-first heap   total 407552K, used 138295K [0x0000000700000000, 0x0000000800000000)
  region size 2048K, 1 young (2048K), 1 survivors (2048K)
 Metaspace       used 120244K, committed 121344K, reserved 1179648K
  class space    used 16089K, committed 16576K, reserved 1048576K
}
Event: 37.930 GC heap before
{Heap before GC invocations=50 (full 0):
 garbage-first heap   total 407552K, used 328759K [0x0000000700000000, 0x0000000800000000)
  region size 2048K, 93 young (190464K), 1 survivors (2048K)
 Metaspace       used 126597K, committed 127680K, reserved 1179648K
  class space    used 16674K, committed 17152K, reserved 1048576K
}
Event: 37.940 GC heap after
{Heap after GC invocations=51 (full 0):
 garbage-first heap   total 407552K, used 151167K [0x0000000700000000, 0x0000000800000000)
  region size 2048K, 6 young (12288K), 6 survivors (12288K)
 Metaspace       used 126597K, committed 127680K, reserved 1179648K
  class space    used 16674K, committed 17152K, reserved 1048576K
}
Event: 39.740 GC heap before
{Heap before GC invocations=51 (full 0):
 garbage-first heap   total 407552K, used 310911K [0x0000000700000000, 0x0000000800000000)
  region size 2048K, 78 young (159744K), 6 survivors (12288K)
 Metaspace       used 127238K, committed 128384K, reserved 1179648K
  class space    used 16702K, committed 17216K, reserved 1048576K
}
Event: 39.748 GC heap after
{Heap after GC invocations=52 (full 0):
 garbage-first heap   total 407552K, used 168479K [0x0000000700000000, 0x0000000800000000)
  region size 2048K, 7 young (14336K), 7 survivors (14336K)
 Metaspace       used 127238K, committed 128384K, reserved 1179648K
  class space    used 16702K, committed 17216K, reserved 1048576K
}
Event: 39.755 GC heap before
{Heap before GC invocations=52 (full 0):
 garbage-first heap   total 407552K, used 221727K [0x0000000700000000, 0x0000000800000000)
  region size 2048K, 8 young (16384K), 7 survivors (14336K)
 Metaspace       used 127240K, committed 128384K, reserved 1179648K
  class space    used 16702K, committed 17216K, reserved 1048576K
}
Event: 39.763 GC heap after
{Heap after GC invocations=53 (full 0):
 garbage-first heap   total 407552K, used 222184K [0x0000000700000000, 0x0000000800000000)
  region size 2048K, 3 young (6144K), 3 survivors (6144K)
 Metaspace       used 127240K, committed 128384K, reserved 1179648K
  class space    used 16702K, committed 17216K, reserved 1048576K
}
Event: 40.771 GC heap before
{Heap before GC invocations=54 (full 0):
 garbage-first heap   total 505856K, used 394216K [0x0000000700000000, 0x0000000800000000)
  region size 2048K, 55 young (112640K), 3 survivors (6144K)
 Metaspace       used 131030K, committed 132160K, reserved 1179648K
  class space    used 17242K, committed 17728K, reserved 1048576K
}
Event: 40.782 GC heap after
{Heap after GC invocations=55 (full 0):
 garbage-first heap   total 505856K, used 269964K [0x0000000700000000, 0x0000000800000000)
  region size 2048K, 7 young (14336K), 7 survivors (14336K)
 Metaspace       used 131030K, committed 132160K, reserved 1179648K
  class space    used 17242K, committed 17728K, reserved 1048576K
}
Event: 40.897 GC heap before
{Heap before GC invocations=55 (full 0):
 garbage-first heap   total 505856K, used 280204K [0x0000000700000000, 0x0000000800000000)
  region size 2048K, 12 young (24576K), 7 survivors (14336K)
 Metaspace       used 131658K, committed 132800K, reserved 1179648K
  class space    used 17331K, committed 17856K, reserved 1048576K
}
Event: 40.905 GC heap after
{Heap after GC invocations=56 (full 0):
 garbage-first heap   total 505856K, used 269231K [0x0000000700000000, 0x0000000800000000)
  region size 2048K, 1 young (2048K), 1 survivors (2048K)
 Metaspace       used 131658K, committed 132800K, reserved 1179648K
  class space    used 17331K, committed 17856K, reserved 1048576K
}

