# JRE version: OpenJDK Runtime Environment (17.0.11) (build 17.0.11+0--11852314)
# Java VM: OpenJDK 64-Bit Server VM (17.0.11+0--11852314, mixed mode, tiered, compressed oops, compressed class ptrs, g1 gc, windows-amd64)
GC Precious Log:
 CPUs: 8 total, 8 available
 Memory: 16233M
 Large Page Support: Disabled
 NUMA Support: Disabled
 Compressed Oops: Enabled (Zero based)
 Heap Region Size: 2M
 Heap Min Capacity: 8M
 Heap Initial Capacity: 254M
 Heap Max Capacity: 4G
 Pre-touch: Disabled
 Parallel Workers: 8
 Concurrent Workers: 2
 Concurrent Refinement Workers: 8
 Periodic GC: Disabled
Heap:
 garbage-first heap   total 509952K, used 289342K [0x0000000700000000, 0x0000000800000000)
  region size 2048K, 2 young (4096K), 2 survivors (4096K)
 Metaspace       used 115978K, committed 116928K, reserved 1179648K
  class space    used 16027K, committed 16448K, reserved 1048576K
GC Heap History (20 events):
Event: 13.849 GC heap after
{Heap after GC invocations=43 (full 0):
 garbage-first heap   total 219136K, used 122832K [0x0000000700000000, 0x0000000800000000)
  region size 2048K, 1 young (2048K), 1 survivors (2048K)
 Metaspace       used 100765K, committed 101696K, reserved 1179648K
  class space    used 13945K, committed 14336K, reserved 1048576K
}
Event: 17.397 GC heap before
{Heap before GC invocations=43 (full 0):
 garbage-first heap   total 219136K, used 171984K [0x0000000700000000, 0x0000000800000000)
  region size 2048K, 26 young (53248K), 1 survivors (2048K)
 Metaspace       used 102000K, committed 102912K, reserved 1179648K
  class space    used 14174K, committed 14592K, reserved 1048576K
}
Event: 17.402 GC heap after
{Heap after GC invocations=44 (full 0):
 garbage-first heap   total 311296K, used 125482K [0x0000000700000000, 0x0000000800000000)
  region size 2048K, 2 young (4096K), 2 survivors (4096K)
 Metaspace       used 102000K, committed 102912K, reserved 1179648K
  class space    used 14174K, committed 14592K, reserved 1048576K
}
Event: 18.887 GC heap before
{Heap before GC invocations=45 (full 0):
 garbage-first heap   total 311296K, used 240170K [0x0000000700000000, 0x0000000800000000)
  region size 2048K, 59 young (120832K), 2 survivors (4096K)
 Metaspace       used 104348K, committed 105408K, reserved 1179648K
  class space    used 14371K, committed 14848K, reserved 1048576K
}
Event: 18.897 GC heap after
{Heap after GC invocations=46 (full 0):
 garbage-first heap   total 311296K, used 134045K [0x0000000700000000, 0x0000000800000000)
  region size 2048K, 6 young (12288K), 6 survivors (12288K)
 Metaspace       used 104348K, committed 105408K, reserved 1179648K
  class space    used 14371K, committed 14848K, reserved 1048576K
}
Event: 18.904 GC heap before
{Heap before GC invocations=46 (full 0):
 garbage-first heap   total 311296K, used 134045K [0x0000000700000000, 0x0000000800000000)
  region size 2048K, 7 young (14336K), 6 survivors (12288K)
 Metaspace       used 104369K, committed 105408K, reserved 1179648K
  class space    used 14375K, committed 14848K, reserved 1048576K
}
Event: 18.913 GC heap after
{Heap after GC invocations=47 (full 0):
 garbage-first heap   total 311296K, used 134820K [0x0000000700000000, 0x0000000800000000)
  region size 2048K, 1 young (2048K), 1 survivors (2048K)
 Metaspace       used 104369K, committed 105408K, reserved 1179648K
  class space    used 14375K, committed 14848K, reserved 1048576K
}
Event: 19.615 GC heap before
{Heap before GC invocations=47 (full 0):
 garbage-first heap   total 311296K, used 188068K [0x0000000700000000, 0x0000000800000000)
  region size 2048K, 28 young (57344K), 1 survivors (2048K)
 Metaspace       used 107976K, committed 108992K, reserved 1179648K
  class space    used 14863K, committed 15296K, reserved 1048576K
}
Event: 19.621 GC heap after
{Heap after GC invocations=48 (full 0):
 garbage-first heap   total 311296K, used 140018K [0x0000000700000000, 0x0000000800000000)
  region size 2048K, 3 young (6144K), 3 survivors (6144K)
 Metaspace       used 107976K, committed 108992K, reserved 1179648K
  class space    used 14863K, committed 15296K, reserved 1048576K
}
Event: 19.631 GC heap before
{Heap before GC invocations=48 (full 0):
 garbage-first heap   total 311296K, used 193266K [0x0000000700000000, 0x0000000800000000)
  region size 2048K, 4 young (8192K), 3 survivors (6144K)
 Metaspace       used 107976K, committed 108992K, reserved 1179648K
  class space    used 14863K, committed 15296K, reserved 1048576K
}
Event: 19.635 GC heap after
{Heap after GC invocations=49 (full 0):
 garbage-first heap   total 311296K, used 193461K [0x0000000700000000, 0x0000000800000000)
  region size 2048K, 3 young (6144K), 3 survivors (6144K)
 Metaspace       used 107976K, committed 108992K, reserved 1179648K
  class space    used 14863K, committed 15296K, reserved 1048576K
}
Event: 20.140 GC heap before
{Heap before GC invocations=50 (full 0):
 garbage-first heap   total 454656K, used 326581K [0x0000000700000000, 0x0000000800000000)
  region size 2048K, 31 young (63488K), 3 survivors (6144K)
 Metaspace       used 108328K, committed 109312K, reserved 1179648K
  class space    used 14913K, committed 15360K, reserved 1048576K
}
Event: 20.147 GC heap after
{Heap after GC invocations=51 (full 0):
 garbage-first heap   total 454656K, used 251395K [0x0000000700000000, 0x0000000800000000)
  region size 2048K, 3 young (6144K), 3 survivors (6144K)
 Metaspace       used 108328K, committed 109312K, reserved 1179648K
  class space    used 14913K, committed 15360K, reserved 1048576K
}
Event: 20.182 GC heap before
{Heap before GC invocations=51 (full 0):
 garbage-first heap   total 454656K, used 267779K [0x0000000700000000, 0x0000000800000000)
  region size 2048K, 12 young (24576K), 3 survivors (6144K)
 Metaspace       used 108374K, committed 109376K, reserved 1179648K
  class space    used 14920K, committed 15360K, reserved 1048576K
}
Event: 20.187 GC heap after
{Heap after GC invocations=52 (full 0):
 garbage-first heap   total 454656K, used 253622K [0x0000000700000000, 0x0000000800000000)
  region size 2048K, 2 young (4096K), 2 survivors (4096K)
 Metaspace       used 108374K, committed 109376K, reserved 1179648K
  class space    used 14920K, committed 15360K, reserved 1048576K
}
Event: 20.653 GC heap before
{Heap before GC invocations=52 (full 0):
 garbage-first heap   total 454656K, used 378550K [0x0000000700000000, 0x0000000800000000)
  region size 2048K, 64 young (131072K), 2 survivors (4096K)
 Metaspace       used 112188K, committed 113152K, reserved 1179648K
  class space    used 15424K, committed 15872K, reserved 1048576K
}
Event: 20.664 GC heap after
{Heap after GC invocations=53 (full 0):
 garbage-first heap   total 454656K, used 277926K [0x0000000700000000, 0x0000000800000000)
  region size 2048K, 8 young (16384K), 8 survivors (16384K)
 Metaspace       used 112188K, committed 113152K, reserved 1179648K
  class space    used 15424K, committed 15872K, reserved 1048576K
}
Event: 21.169 GC heap before
{Heap before GC invocations=54 (full 0):
 garbage-first heap   total 509952K, used 368038K [0x0000000700000000, 0x0000000800000000)
  region size 2048K, 53 young (108544K), 8 survivors (16384K)
 Metaspace       used 115606K, committed 116544K, reserved 1179648K
  class space    used 15953K, committed 16384K, reserved 1048576K
}
Event: 21.183 GC heap after
{Heap after GC invocations=55 (full 0):
 garbage-first heap   total 509952K, used 285985K [0x0000000700000000, 0x0000000800000000)
  region size 2048K, 7 young (14336K), 7 survivors (14336K)
 Metaspace       used 115606K, committed 116544K, reserved 1179648K
  class space    used 15953K, committed 16384K, reserved 1048576K
}
Event: 21.215 GC heap before
{Heap before GC invocations=55 (full 0):
 garbage-first heap   total 509952K, used 296225K [0x0000000700000000, 0x0000000800000000)
  region size 2048K, 12 young (24576K), 7 survivors (14336K)
 Metaspace       used 115978K, committed 116928K, reserved 1179648K
  class space    used 16027K, committed 16448K, reserved 1048576K
}

